[2014-08-16 11:25:57] START
[2014-08-16 11:49:09] EDIT IPUanalysis/views/default/index.html: -29
[2014-08-16 11:51:21] EDIT IPUanalysis/controllers/default.py: 0
[2014-08-16 11:51:43] EDIT IPUanalysis/views/default/index.html: 0
[2014-08-16 11:51:53] EDIT IPUanalysis/views/default/index.html: 0
[2014-08-16 18:18:19] EDIT IPUanalysis/modules/extract.py: 0
[2014-08-16 18:18:57] EDIT IPUanalysis/modules/extract.py: 0
[2014-08-16 18:19:11] EDIT IPUanalysis/modules/extract.py: 0
[2014-08-16 18:19:58] EDIT IPUanalysis/controllers/default.py: -1
[2014-08-16 18:20:03] EDIT IPUanalysis/controllers/default.py: 0
[2014-08-16 18:20:27] EDIT IPUanalysis/controllers/default.py: -2
[2014-08-16 18:20:28] EDIT IPUanalysis/controllers/default.py: 0
[2014-08-16 18:21:15] EDIT IPUanalysis/controllers/default.py: 2
[2014-08-16 18:23:23] EDIT IPUanalysis/controllers/default.py: 1
[2014-08-16 18:25:16] EDIT IPUanalysis/controllers/default.py: 4
[2014-08-16 18:26:03] EDIT IPUanalysis/controllers/default.py: 0
[2014-08-16 18:26:13] EDIT IPUanalysis/controllers/default.py: 0
[2014-08-16 18:26:24] EDIT IPUanalysis/controllers/default.py: 1
[2014-08-16 18:34:11] EDIT IPUanalysis/controllers/default.py: 6
[2014-08-16 18:34:11] EDIT IPUanalysis/controllers/default.py: 0
[2014-08-16 18:36:56] EDIT IPUanalysis/controllers/default.py: 0
[2014-08-16 18:37:28] EDIT IPUanalysis/controllers/default.py: 0
[2014-08-16 18:37:59] EDIT IPUanalysis/controllers/default.py: 0
[2014-08-16 18:38:15] EDIT IPUanalysis/controllers/default.py: 0
[2014-08-16 18:40:02] EDIT IPUanalysis/controllers/default.py: 0
[2014-08-16 18:40:04] EDIT IPUanalysis/controllers/default.py: 0
[2014-08-16 18:41:18] EDIT IPUanalysis/controllers/default.py: 0
[2014-08-16 18:53:03] EDIT IPUanalysis/controllers/default.py: 1
[2014-08-16 18:53:45] EDIT IPUanalysis/controllers/default.py: 0
[2014-08-16 18:55:57] EDIT IPUanalysis/controllers/default.py: -1
[2014-08-16 18:56:52] EDIT IPUanalysis/controllers/default.py: 0
[2014-08-16 18:56:54] EDIT IPUanalysis/controllers/default.py: 0
[2014-08-16 18:57:02] EDIT IPUanalysis/controllers/default.py: 0
[2014-08-16 18:59:32] EDIT IPUanalysis/controllers/default.py: -1
[2014-08-16 19:00:31] EDIT IPUanalysis/controllers/default.py: -2
[2014-08-16 19:00:35] EDIT IPUanalysis/controllers/default.py: 0
[2014-08-16 19:04:35] EDIT IPUanalysis/controllers/default.py: 0
[2014-08-16 19:05:00] EDIT IPUanalysis/controllers/default.py: 0
[2014-08-16 19:16:10] EDIT IPUanalysis/controllers/default.py: 4
[2014-08-16 19:16:17] EDIT IPUanalysis/controllers/default.py: 0
[2014-08-16 19:16:37] EDIT IPUanalysis/controllers/default.py: 0
[2014-08-16 19:16:56] EDIT IPUanalysis/controllers/default.py: 0
[2014-08-16 19:20:00] EDIT IPUanalysis/controllers/default.py: -5
[2014-08-16 19:20:19] EDIT IPUanalysis/models/db.py: 4
[2014-08-16 19:21:00] EDIT IPUanalysis/controllers/default.py: 1
[2014-08-16 19:23:16] EDIT IPUanalysis/controllers/default.py: -3
[2014-08-16 19:25:15] EDIT IPUanalysis/controllers/default.py: -1
[2014-08-16 19:25:30] EDIT IPUanalysis/controllers/default.py: 0
[2014-08-16 19:25:37] EDIT IPUanalysis/controllers/default.py: 0
[2014-08-16 19:27:31] EDIT IPUanalysis/controllers/default.py: -1
[2014-08-16 19:28:02] EDIT IPUanalysis/controllers/default.py: 0
[2014-08-16 19:28:09] EDIT IPUanalysis/controllers/default.py: 0
[2014-08-16 19:28:38] EDIT IPUanalysis/controllers/default.py: 0
[2014-08-16 19:28:48] EDIT IPUanalysis/controllers/default.py: 0
[2014-08-16 19:29:47] EDIT IPUanalysis/controllers/default.py: 0
[2014-08-16 19:30:09] EDIT IPUanalysis/views/default/index.html: 0
[2014-08-16 19:36:24] EDIT IPUanalysis/controllers/default.py: 0
[2014-08-16 19:36:31] EDIT IPUanalysis/controllers/default.py: 0
[2014-08-16 19:36:50] EDIT IPUanalysis/controllers/default.py: 0
[2014-08-16 19:37:17] EDIT IPUanalysis/controllers/default.py: 0
[2014-08-16 19:37:32] EDIT IPUanalysis/controllers/default.py: 0
[2014-08-16 19:42:49] EDIT IPUanalysis/models/db.py: 0
[2014-08-16 19:43:39] EDIT IPUanalysis/models/db.py: 0
[2014-08-16 19:44:23] EDIT IPUanalysis/controllers/default.py: 0
[2014-08-16 19:44:28] EDIT IPUanalysis/controllers/default.py: 0
[2014-08-16 19:44:40] EDIT IPUanalysis/controllers/default.py: 0
[2014-08-16 19:45:59] EDIT IPUanalysis/controllers/default.py: 0
[2014-08-16 19:46:32] EDIT IPUanalysis/controllers/default.py: 0
[2014-08-16 19:46:50] EDIT IPUanalysis/controllers/default.py: 0
[2014-08-16 19:48:38] EDIT IPUanalysis/controllers/default.py: 1
[2014-08-16 19:49:31] EDIT IPUanalysis/controllers/default.py: 0
[2014-08-16 19:49:42] EDIT IPUanalysis/controllers/default.py: 0
[2014-08-16 19:50:18] EDIT IPUanalysis/controllers/default.py: 3
[2014-08-16 19:50:32] EDIT IPUanalysis/controllers/default.py: 0
[2014-08-16 19:50:50] EDIT IPUanalysis/controllers/default.py: 0
[2014-08-16 19:51:02] EDIT IPUanalysis/controllers/default.py: -1
[2014-08-16 19:56:51] EDIT IPUanalysis/controllers/default.py: -3
[2014-08-16 19:57:20] EDIT IPUanalysis/controllers/default.py: 0
[2014-08-16 19:57:31] EDIT IPUanalysis/controllers/default.py: 0
[2014-08-16 19:57:40] EDIT IPUanalysis/controllers/default.py: 0
[2014-08-16 19:58:21] EDIT IPUanalysis/controllers/default.py: 2
[2014-08-16 19:58:37] EDIT IPUanalysis/controllers/default.py: 0
[2014-08-16 19:59:03] EDIT IPUanalysis/controllers/default.py: 0
[2014-08-16 19:59:18] EDIT IPUanalysis/controllers/default.py: 0
[2014-08-16 20:04:06] EDIT IPUanalysis/controllers/default.py: -2
[2014-08-16 20:04:27] EDIT IPUanalysis/controllers/default.py: 0
[2014-08-16 20:04:44] EDIT IPUanalysis/controllers/default.py: 0
[2014-08-16 20:04:49] EDIT IPUanalysis/controllers/default.py: 0
[2014-08-16 20:05:23] EDIT IPUanalysis/controllers/default.py: 2
[2014-08-16 20:05:32] EDIT IPUanalysis/controllers/default.py: 0
[2014-08-16 20:05:49] EDIT IPUanalysis/controllers/default.py: 0
[2014-08-16 20:05:59] EDIT IPUanalysis/controllers/default.py: 0
[2014-08-16 20:06:13] EDIT IPUanalysis/controllers/default.py: 0
[2014-08-16 20:06:36] EDIT IPUanalysis/controllers/default.py: 0
[2014-08-16 20:06:44] EDIT IPUanalysis/controllers/default.py: 0
[2014-08-16 20:06:50] EDIT IPUanalysis/controllers/default.py: 0
[2014-08-16 20:07:05] EDIT IPUanalysis/controllers/default.py: 0
[2014-08-16 20:07:08] EDIT IPUanalysis/controllers/default.py: 0
[2014-08-16 20:07:38] EDIT IPUanalysis/controllers/default.py: 0
[2014-08-16 20:16:07] EDIT IPUanalysis/controllers/default.py: 0
[2014-08-16 20:16:28] EDIT IPUanalysis/models/db.py: 0
[2014-08-16 20:18:07] EDIT IPUanalysis/controllers/default.py: 0
[2014-08-16 20:19:46] EDIT IPUanalysis/controllers/default.py: 0
[2014-08-16 20:19:52] EDIT IPUanalysis/controllers/default.py: 0
[2014-08-16 20:27:57] EDIT IPUanalysis/controllers/default.py: 0
[2014-08-16 20:42:12] EDIT IPUanalysis/controllers/default.py: 4
[2014-08-16 20:42:44] EDIT IPUanalysis/controllers/default.py: 0
[2014-08-16 20:43:20] EDIT IPUanalysis/controllers/default.py: 0
[2014-08-16 20:46:23] EDIT IPUanalysis/controllers/default.py: 0
[2014-08-16 20:46:39] EDIT IPUanalysis/models/db.py: 0
[2014-08-16 20:50:41] EDIT IPUanalysis/controllers/default.py: -5
[2014-08-16 20:51:02] EDIT IPUanalysis/controllers/default.py: -2
[2014-08-16 20:51:09] EDIT IPUanalysis/controllers/default.py: 1
[2014-08-16 20:51:47] EDIT IPUanalysis/controllers/default.py: 0
[2014-08-16 20:52:46] EDIT IPUanalysis/controllers/default.py: -1
[2014-08-16 20:53:15] EDIT IPUanalysis/controllers/default.py: 1
[2014-08-16 21:00:30] EDIT IPUanalysis/modules/extract.py: 0
[2014-08-16 21:01:07] EDIT IPUanalysis/modules/extract.py: -1
[2014-08-16 21:01:29] EDIT IPUanalysis/controllers/default.py: 1
[2014-08-16 21:01:39] EDIT IPUanalysis/controllers/default.py: 0
[2014-08-16 21:01:43] EDIT IPUanalysis/controllers/default.py: 0
[2014-08-16 21:01:49] EDIT IPUanalysis/controllers/default.py: 1
[2014-08-16 21:01:57] EDIT IPUanalysis/modules/extract.py: -1
[2014-08-16 21:03:10] EDIT IPUanalysis/modules/extract.py: 0
[2014-08-16 21:03:13] EDIT IPUanalysis/controllers/default.py: 0
[2014-08-16 21:04:26] EDIT IPUanalysis/controllers/default.py: 1
[2014-08-16 21:05:21] EDIT IPUanalysis/modules/extract.py: 0
[2014-08-16 21:05:23] EDIT IPUanalysis/controllers/default.py: 0
[2014-08-16 21:07:35] EDIT IPUanalysis/modules/extract.py: 0
[2014-08-16 21:08:05] EDIT IPUanalysis/controllers/default.py: 1
[2014-08-16 21:08:05] EDIT IPUanalysis/controllers/default.py: 0
[2014-08-16 21:08:59] EDIT IPUanalysis/modules/extract.py: 1
[2014-08-16 21:08:59] EDIT IPUanalysis/modules/extract.py: 0
[2014-08-16 21:09:10] EDIT IPUanalysis/modules/extract.py: 0
[2014-08-16 21:09:18] EDIT IPUanalysis/modules/extract.py: 0
[2014-08-16 21:09:23] EDIT IPUanalysis/modules/extract.py: -1
[2014-08-16 21:09:36] EDIT IPUanalysis/modules/extract.py: 1
[2014-08-16 21:09:42] EDIT IPUanalysis/modules/extract.py: 0
[2014-08-16 21:09:54] EDIT IPUanalysis/modules/extract.py: 0
[2014-08-16 21:10:09] EDIT IPUanalysis/modules/extract.py: -1
[2014-08-16 21:10:25] EDIT IPUanalysis/modules/extract.py: 1
[2014-08-16 21:10:41] EDIT IPUanalysis/modules/extract.py: -1
[2014-08-16 21:10:43] EDIT IPUanalysis/modules/extract.py: 0
[2014-08-16 21:10:51] EDIT IPUanalysis/modules/extract.py: 1
[2014-08-16 21:10:52] EDIT IPUanalysis/modules/extract.py: 0
[2014-08-16 21:10:57] EDIT IPUanalysis/modules/extract.py: 0
[2014-08-16 21:11:05] EDIT IPUanalysis/modules/extract.py: -1
[2014-08-16 21:11:33] EDIT IPUanalysis/modules/extract.py: 1
[2014-08-16 21:11:42] EDIT IPUanalysis/modules/extract.py: -1
[2014-08-16 21:11:45] EDIT IPUanalysis/modules/extract.py: 0
[2014-08-16 21:12:04] EDIT IPUanalysis/modules/extract.py: 0
[2014-08-16 21:13:29] EDIT IPUanalysis/modules/extract.py: 0
[2014-08-16 21:14:45] EDIT IPUanalysis/modules/extract.py: 0
[2014-08-16 21:15:39] EDIT IPUanalysis/controllers/default.py: 3
[2014-08-16 21:15:40] EDIT IPUanalysis/controllers/default.py: 0
[2014-08-16 21:16:41] EDIT IPUanalysis/controllers/default.py: 0
[2014-08-16 21:25:01] EDIT IPUanalysis/controllers/default.py: 0
[2014-08-16 21:26:21] EDIT IPUanalysis/controllers/default.py: -3
[2014-08-16 21:26:27] EDIT IPUanalysis/controllers/default.py: 1
[2014-08-16 21:27:11] EDIT IPUanalysis/controllers/default.py: 2
[2014-08-16 21:27:31] EDIT IPUanalysis/controllers/default.py: 1
[2014-08-16 21:27:54] EDIT IPUanalysis/controllers/default.py: -1
[2014-08-16 21:28:49] EDIT IPUanalysis/controllers/default.py: 0
[2014-08-16 21:28:56] EDIT IPUanalysis/controllers/default.py: 0
[2014-08-16 21:29:03] EDIT IPUanalysis/controllers/default.py: 0
[2014-08-16 21:29:15] EDIT IPUanalysis/controllers/default.py: -2
[2014-08-16 21:29:15] EDIT IPUanalysis/controllers/default.py: 0
[2014-08-16 21:30:29] EDIT IPUanalysis/modules/extract.py: 1
[2014-08-16 21:30:35] EDIT IPUanalysis/modules/extract.py: -1
[2014-08-16 21:30:36] EDIT IPUanalysis/modules/extract.py: 0
[2014-08-16 21:32:37] EDIT IPUanalysis/modules/extract.py: 1
[2014-08-16 21:32:42] EDIT IPUanalysis/modules/extract.py: 0
[2014-08-16 21:32:47] EDIT IPUanalysis/modules/extract.py: 0
[2014-08-16 21:32:59] EDIT IPUanalysis/modules/extract.py: -1
[2014-08-16 21:33:18] EDIT IPUanalysis/modules/extract.py: 1
[2014-08-16 21:33:24] EDIT IPUanalysis/modules/extract.py: 0
[2014-08-16 21:33:33] EDIT IPUanalysis/modules/extract.py: 0
[2014-08-16 21:33:35] EDIT IPUanalysis/modules/extract.py: 0
[2014-08-16 21:33:44] EDIT IPUanalysis/modules/extract.py: 0
[2014-08-16 21:33:57] EDIT IPUanalysis/modules/extract.py: -1
[2014-08-16 21:34:42] EDIT IPUanalysis/modules/extract.py: 0
[2014-08-16 21:34:43] EDIT IPUanalysis/modules/extract.py: 0
[2014-08-16 21:37:14] EDIT IPUanalysis/modules/extract.py: 1
[2014-08-16 21:38:58] EDIT IPUanalysis/modules/extract.py: 1
[2014-08-16 21:39:04] EDIT IPUanalysis/modules/extract.py: -1
[2014-08-16 21:39:09] EDIT IPUanalysis/modules/extract.py: -1
[2014-08-16 21:39:42] EDIT IPUanalysis/modules/extract.py: 0
[2014-08-16 21:39:49] EDIT IPUanalysis/modules/extract.py: -1
[2014-08-16 21:40:17] EDIT IPUanalysis/modules/extract.py: 0
[2014-08-16 21:40:53] EDIT IPUanalysis/modules/extract.py: 0
[2014-08-16 21:40:59] EDIT IPUanalysis/modules/extract.py: 1
[2014-08-16 21:41:11] EDIT IPUanalysis/modules/extract.py: -1
[2014-08-16 21:41:13] EDIT IPUanalysis/modules/extract.py: 0
[2014-08-16 21:41:19] EDIT IPUanalysis/modules/extract.py: 0
[2014-08-16 21:41:25] EDIT IPUanalysis/modules/extract.py: 1
[2014-08-16 21:41:31] EDIT IPUanalysis/modules/extract.py: -1
[2014-08-16 21:41:43] EDIT IPUanalysis/modules/extract.py: 1
[2014-08-16 21:41:50] EDIT IPUanalysis/modules/extract.py: 1
[2014-08-16 21:41:56] EDIT IPUanalysis/modules/extract.py: -2
[2014-08-16 21:42:25] EDIT IPUanalysis/modules/extract.py: 0
[2014-08-16 21:42:31] EDIT IPUanalysis/modules/extract.py: 1
[2014-08-16 21:42:40] EDIT IPUanalysis/modules/extract.py: 0
[2014-08-16 21:42:42] EDIT IPUanalysis/modules/extract.py: 0
[2014-08-16 21:42:50] EDIT IPUanalysis/modules/extract.py: 0
[2014-08-16 21:42:56] EDIT IPUanalysis/modules/extract.py: -1
[2014-08-16 21:43:43] EDIT IPUanalysis/modules/extract.py: 0
[2014-08-16 21:43:45] EDIT IPUanalysis/modules/extract.py: 0
[2014-08-16 21:43:56] EDIT IPUanalysis/modules/extract.py: 0
[2014-08-16 21:43:59] EDIT IPUanalysis/modules/extract.py: 0
[2014-08-16 21:45:22] EDIT IPUanalysis/modules/extract.py: 0
[2014-08-16 21:45:24] EDIT IPUanalysis/modules/extract.py: 0
[2014-08-16 21:45:24] EDIT IPUanalysis/modules/extract.py: 0
[2014-08-16 21:46:46] EDIT IPUanalysis/modules/extract.py: 0
[2014-08-16 21:47:46] EDIT IPUanalysis/modules/extract.py: -1
[2014-08-16 21:47:51] EDIT IPUanalysis/modules/extract.py: 0
[2014-08-16 21:47:53] EDIT IPUanalysis/modules/extract.py: 0
[2014-08-16 21:47:59] EDIT IPUanalysis/modules/extract.py: 0
[2014-08-16 21:48:08] EDIT IPUanalysis/modules/extract.py: -1
[2014-08-16 21:48:19] EDIT IPUanalysis/modules/extract.py: 0
[2014-08-16 21:48:52] EDIT IPUanalysis/controllers/default.py: 2
[2014-08-16 21:49:06] EDIT IPUanalysis/controllers/default.py: -3
[2014-08-16 21:49:53] EDIT IPUanalysis/controllers/default.py: -2
[2014-08-16 21:50:15] EDIT IPUanalysis/controllers/default.py: 0
[2014-08-16 21:50:43] EDIT IPUanalysis/controllers/default.py: 0
[2014-08-16 21:53:56] EDIT IPUanalysis/controllers/default.py: -6
[2014-08-16 21:54:31] EDIT IPUanalysis/controllers/default.py: 0
[2014-08-16 21:54:32] EDIT IPUanalysis/controllers/default.py: 0
[2014-08-16 21:54:59] EDIT IPUanalysis/controllers/default.py: 0
[2014-08-16 21:56:18] EDIT IPUanalysis/controllers/default.py: 2
[2014-08-16 22:00:20] EDIT IPUanalysis/controllers/default.py: 5
[2014-08-16 22:00:27] EDIT IPUanalysis/controllers/default.py: 0
[2014-08-16 22:00:56] EDIT IPUanalysis/controllers/default.py: 0
[2014-08-16 22:01:16] EDIT IPUanalysis/controllers/default.py: 0
[2014-08-16 22:01:20] EDIT IPUanalysis/controllers/default.py: 0
[2014-08-16 22:01:27] EDIT IPUanalysis/controllers/default.py: 0
[2014-08-16 22:02:48] EDIT IPUanalysis/controllers/default.py: 4
[2014-08-16 22:02:59] EDIT IPUanalysis/controllers/default.py: 0
[2014-08-16 22:03:24] EDIT IPUanalysis/controllers/default.py: -3
[2014-08-16 22:03:50] EDIT IPUanalysis/controllers/default.py: 0
[2014-08-16 22:04:03] EDIT IPUanalysis/controllers/default.py: 0
[2014-08-16 22:04:28] EDIT IPUanalysis/controllers/default.py: 1
[2014-08-16 22:04:30] EDIT IPUanalysis/controllers/default.py: 0
[2014-08-16 22:04:37] EDIT IPUanalysis/controllers/default.py: 0
[2014-08-16 22:04:42] EDIT IPUanalysis/controllers/default.py: -1
[2014-08-16 22:05:45] EDIT IPUanalysis/controllers/default.py: 0
[2014-08-16 22:07:15] EDIT IPUanalysis/controllers/default.py: 0
[2014-08-16 22:07:45] EDIT IPUanalysis/controllers/default.py: 0
[2014-08-16 22:08:27] EDIT IPUanalysis/controllers/default.py: 0
[2014-08-16 22:11:12] EDIT IPUanalysis/controllers/default.py: 9
[2014-08-16 22:11:22] EDIT IPUanalysis/controllers/default.py: -1
[2014-08-16 22:11:45] EDIT IPUanalysis/controllers/default.py: 1
[2014-08-16 22:12:12] EDIT IPUanalysis/models/db.py: 0
[2014-08-16 22:12:18] EDIT IPUanalysis/controllers/default.py: 0
[2014-08-16 22:12:27] EDIT IPUanalysis/controllers/default.py: 0
[2014-08-16 22:12:50] EDIT IPUanalysis/controllers/default.py: -8
[2014-08-16 22:12:52] EDIT IPUanalysis/controllers/default.py: 0
[2014-08-16 22:12:56] EDIT IPUanalysis/controllers/default.py: 0
[2014-08-16 22:15:05] EDIT IPUanalysis/controllers/default.py: 0
[2014-08-16 22:15:14] EDIT IPUanalysis/controllers/default.py: 0
[2014-08-16 22:16:44] EDIT IPUanalysis/controllers/default.py: 0
[2014-08-16 22:17:52] EDIT IPUanalysis/models/db.py: 0
[2014-08-16 22:17:56] EDIT IPUanalysis/models/db.py: 0
[2014-08-16 22:18:36] EDIT IPUanalysis/controllers/default.py: 0
[2014-08-16 22:18:52] EDIT IPUanalysis/controllers/default.py: 0
[2014-08-16 22:19:40] EDIT IPUanalysis/controllers/default.py: 0
[2014-08-16 22:21:04] EDIT IPUanalysis/controllers/default.py: 1
[2014-08-16 22:21:23] EDIT IPUanalysis/controllers/default.py: 0
[2014-08-16 22:21:43] EDIT IPUanalysis/controllers/default.py: 0
[2014-08-16 22:22:28] EDIT IPUanalysis/controllers/default.py: -1
[2014-08-16 22:23:38] EDIT IPUanalysis/controllers/default.py: 2
[2014-08-16 22:24:08] EDIT IPUanalysis/controllers/default.py: 0
[2014-08-16 22:24:26] EDIT IPUanalysis/controllers/default.py: 0
[2014-08-16 22:24:35] EDIT IPUanalysis/controllers/default.py: 0
[2014-08-16 22:25:10] EDIT IPUanalysis/controllers/default.py: 2
[2014-08-16 22:26:05] EDIT IPUanalysis/controllers/default.py: 0
[2014-08-16 22:26:40] EDIT IPUanalysis/controllers/default.py: 0
[2014-08-16 22:26:48] EDIT IPUanalysis/controllers/default.py: 0
[2014-08-16 22:27:13] EDIT IPUanalysis/controllers/default.py: 0
[2014-08-16 22:27:55] EDIT IPUanalysis/controllers/default.py: -2
[2014-08-16 22:29:37] EDIT IPUanalysis/controllers/default.py: 0
[2014-08-16 22:34:32] EDIT IPUanalysis/controllers/default.py: 0
[2014-08-16 22:35:31] EDIT IPUanalysis/controllers/default.py: 1
[2014-08-16 22:38:10] EDIT IPUanalysis/controllers/default.py: 1
[2014-08-16 22:38:12] EDIT IPUanalysis/controllers/default.py: 0
[2014-08-16 22:38:23] EDIT IPUanalysis/controllers/default.py: 1
[2014-08-16 23:05:11] EDIT IPUanalysis/controllers/default.py: 0
[2014-08-16 23:05:34] EDIT IPUanalysis/controllers/default.py: 0
[2014-08-16 23:05:50] EDIT IPUanalysis/controllers/default.py: 0
[2014-08-16 23:06:50] EDIT IPUanalysis/controllers/default.py: 0
[2014-08-16 23:09:35] EDIT IPUanalysis/controllers/default.py: 1
[2014-08-16 23:09:52] EDIT IPUanalysis/controllers/default.py: 0
[2014-08-16 23:10:08] EDIT IPUanalysis/controllers/default.py: 0
[2014-08-16 23:10:32] EDIT IPUanalysis/controllers/default.py: 0
[2014-08-16 23:10:41] EDIT IPUanalysis/controllers/default.py: 0
[2014-08-16 23:10:58] EDIT IPUanalysis/controllers/default.py: 0
[2014-08-16 23:11:38] EDIT IPUanalysis/controllers/default.py: 0
[2014-08-16 23:11:48] EDIT IPUanalysis/controllers/default.py: 0
[2014-08-16 23:11:58] EDIT IPUanalysis/controllers/default.py: 0
[2014-08-16 23:12:10] EDIT IPUanalysis/controllers/default.py: 0
[2014-08-16 23:12:47] EDIT IPUanalysis/controllers/default.py: 0
[2014-08-16 23:12:58] EDIT IPUanalysis/controllers/default.py: 0
[2014-08-16 23:13:47] EDIT IPUanalysis/controllers/default.py: 0
[2014-08-16 23:14:25] EDIT IPUanalysis/controllers/default.py: 0
[2014-08-16 23:14:44] EDIT IPUanalysis/controllers/default.py: 0
[2014-08-16 23:15:07] EDIT IPUanalysis/controllers/default.py: 0
[2014-08-16 23:15:25] EDIT IPUanalysis/controllers/default.py: 0
[2014-08-16 23:16:38] EDIT IPUanalysis/controllers/default.py: 0
[2014-08-16 23:17:23] EDIT IPUanalysis/controllers/default.py: 0
[2014-08-16 23:18:13] EDIT IPUanalysis/controllers/default.py: 0
[2014-08-16 23:20:10] EDIT IPUanalysis/controllers/default.py: 3
[2014-08-16 23:20:31] EDIT IPUanalysis/controllers/default.py: 0
[2014-08-16 23:20:51] EDIT IPUanalysis/controllers/default.py: 0
[2014-08-16 23:21:04] EDIT IPUanalysis/controllers/default.py: 0
[2014-08-16 23:21:05] EDIT IPUanalysis/controllers/default.py: 0
[2014-08-16 23:21:05] EDIT IPUanalysis/controllers/default.py: 0
[2014-08-16 23:30:36] EDIT IPUanalysis/controllers/default.py: 2
[2014-08-16 23:30:41] EDIT IPUanalysis/controllers/default.py: -1
[2014-08-16 23:32:33] EDIT IPUanalysis/controllers/default.py: 2
[2014-08-16 23:34:53] EDIT IPUanalysis/controllers/default.py: 3
[2014-08-16 23:35:01] EDIT IPUanalysis/controllers/default.py: 0
[2014-08-16 23:35:13] EDIT IPUanalysis/controllers/default.py: 0
[2014-08-16 23:36:46] EDIT IPUanalysis/views/default/index.html: 3
[2014-08-16 23:38:53] EDIT IPUanalysis/controllers/default.py: 2
[2014-08-16 23:38:54] EDIT IPUanalysis/controllers/default.py: 0
[2014-08-16 23:40:10] CREATE default/findPercentageByRollNo.html: 0
[2014-08-16 23:40:38] EDIT IPUanalysis/views/default/findPercentageByRollNo.html: 0
[2014-08-16 23:40:40] EDIT IPUanalysis/views/default/findPercentageByRollNo.html: 0
[2014-08-16 23:41:09] EDIT IPUanalysis/controllers/default.py: 0
[2014-08-16 23:41:13] EDIT IPUanalysis/controllers/default.py: 0
[2014-08-16 23:41:18] EDIT IPUanalysis/controllers/default.py: 0
[2014-08-16 23:41:28] EDIT IPUanalysis/controllers/default.py: 0
[2014-08-16 23:42:28] EDIT IPUanalysis/controllers/default.py: 1
[2014-08-16 23:43:31] EDIT IPUanalysis/controllers/default.py: 0
[2014-08-16 23:43:48] EDIT IPUanalysis/controllers/default.py: 0
[2014-08-16 23:44:09] EDIT IPUanalysis/controllers/default.py: -1
[2014-08-16 23:45:01] EDIT IPUanalysis/controllers/default.py: 0
[2014-08-16 23:45:19] CREATE default/findPercentageByName.html: 0
[2014-08-16 23:45:37] EDIT IPUanalysis/views/default/findPercentageByName.html: 0
[2014-08-16 23:46:23] EDIT IPUanalysis/controllers/default.py: 0
[2014-08-16 23:47:36] EDIT IPUanalysis/controllers/default.py: 0
[2014-08-16 23:47:38] EDIT IPUanalysis/controllers/default.py: 0
[2014-08-16 23:47:48] EDIT IPUanalysis/controllers/default.py: 0
[2014-08-16 23:47:54] EDIT IPUanalysis/controllers/default.py: 0
[2014-08-16 23:52:00] EDIT IPUanalysis/controllers/default.py: 0
[2014-08-16 23:52:19] EDIT IPUanalysis/views/default/index.html: 1
[2014-08-16 23:52:21] EDIT IPUanalysis/views/default/index.html: 0
[2014-08-16 23:54:31] EDIT IPUanalysis/views/default/index.html: 6
[2014-08-16 23:54:55] EDIT IPUanalysis/controllers/default.py: 1
[2014-08-16 23:55:18] EDIT IPUanalysis/views/default/index.html: 0
[2014-08-16 23:59:51] EDIT IPUanalysis/controllers/default.py: 0
[2014-08-17 00:02:17] EDIT IPUanalysis/controllers/default.py: 2
[2014-08-17 00:02:23] EDIT IPUanalysis/controllers/default.py: 0
[2014-08-17 00:03:34] EDIT IPUanalysis/controllers/default.py: 0
[2014-08-17 00:03:39] EDIT IPUanalysis/controllers/default.py: -3
[2014-08-17 00:03:49] EDIT IPUanalysis/controllers/default.py: 1
[2014-08-17 00:04:30] EDIT IPUanalysis/controllers/default.py: 2
[2014-08-17 00:10:18] EDIT IPUanalysis/views/default/index.html: 0
[2014-08-17 00:11:47] EDIT IPUanalysis/views/plugin_layouts/layouts/Papira.html: 0
[2014-08-17 00:11:51] EDIT IPUanalysis/views/plugin_layouts/layouts/Papira.html: 0
[2014-08-17 00:12:57] EDIT IPUanalysis/views/plugin_layouts/layouts/Papira.html: 0
[2014-08-17 00:13:15] EDIT IPUanalysis/views/plugin_layouts/layouts/Papira.html: 0
[2014-08-17 00:13:15] EDIT IPUanalysis/views/plugin_layouts/layouts/Papira.html: 0
[2014-08-17 00:13:53] EDIT IPUanalysis/views/plugin_layouts/layouts/Papira.html: -1
[2014-08-17 00:14:43] EDIT IPUanalysis/views/plugin_layouts/layouts/Papira.html: -7
[2014-08-17 00:14:50] EDIT IPUanalysis/views/plugin_layouts/layouts/Papira.html: -5
[2014-08-17 00:15:08] EDIT IPUanalysis/views/plugin_layouts/layouts/Papira.html: 0
[2014-08-17 00:15:33] EDIT IPUanalysis/views/plugin_layouts/layouts/Papira.html: 0
[2014-08-17 00:26:03] EDIT IPUanalysis/views/default/index.html: 0
[2014-08-17 00:29:03] EDIT IPUanalysis/views/default/index.html: 0
[2014-08-17 00:29:25] EDIT IPUanalysis/views/default/index.html: 0
[2014-08-17 00:30:52] EDIT IPUanalysis/views/default/index.html: 0
[2014-08-17 00:31:01] EDIT IPUanalysis/views/default/index.html: 0
[2014-08-17 00:31:11] EDIT IPUanalysis/views/default/index.html: 0
[2014-08-17 00:33:43] EDIT IPUanalysis/views/default/index.html: -4
[2014-08-17 00:34:03] EDIT IPUanalysis/controllers/default.py: -5
[2014-08-17 00:34:16] EDIT IPUanalysis/controllers/default.py: 0
[2014-08-17 00:34:57] EDIT IPUanalysis/views/plugin_layouts/layouts/Papira.html: -6
[2014-08-17 00:35:23] EDIT IPUanalysis/views/plugin_layouts/layouts/Papira.html: 6
[2014-08-17 00:35:29] EDIT IPUanalysis/controllers/default.py: 0
[2014-08-17 00:35:47] EDIT IPUanalysis/controllers/default.py: 0
[2014-08-17 00:51:42] EDIT IPUanalysis/controllers/default.py: 3
[2014-08-17 00:52:47] EDIT IPUanalysis/controllers/default.py: -6
[2014-08-17 00:52:49] EDIT IPUanalysis/controllers/default.py: 0
[2014-08-17 00:52:54] EDIT IPUanalysis/controllers/default.py: 0
[2014-08-17 00:52:58] EDIT IPUanalysis/controllers/default.py: 0
[2014-08-17 00:53:35] EDIT IPUanalysis/views/default/index.html: -6
[2014-08-17 00:54:05] EDIT IPUanalysis/controllers/default.py: 0
[2014-08-17 00:54:28] EDIT IPUanalysis/controllers/default.py: 0
[2014-08-17 00:54:29] EDIT IPUanalysis/controllers/default.py: 0
[2014-08-17 00:55:38] EDIT IPUanalysis/controllers/default.py: -1
[2014-08-17 00:56:32] EDIT IPUanalysis/controllers/default.py: -2
[2014-08-17 00:56:33] EDIT IPUanalysis/controllers/default.py: 0
[2014-08-17 00:57:02] EDIT IPUanalysis/controllers/default.py: 2
[2014-08-17 00:57:13] EDIT IPUanalysis/controllers/default.py: -2
[2014-08-17 00:57:16] EDIT IPUanalysis/controllers/default.py: 0
[2014-08-17 00:57:45] EDIT IPUanalysis/controllers/default.py: 0
[2014-08-17 00:59:14] EDIT IPUanalysis/controllers/default.py: 1
[2014-08-17 01:00:31] EDIT IPUanalysis/controllers/default.py: 0
[2014-08-17 01:00:41] EDIT IPUanalysis/controllers/default.py: 0
[2014-08-17 01:00:51] EDIT IPUanalysis/controllers/default.py: 0
[2014-08-17 01:03:51] EDIT IPUanalysis/controllers/default.py: 0
[2014-08-17 01:03:51] EDIT IPUanalysis/controllers/default.py: 0
[2014-08-17 01:04:17] EDIT IPUanalysis/controllers/default.py: 0
[2014-08-17 01:05:04] EDIT IPUanalysis/controllers/default.py: 0
[2014-08-17 01:05:26] EDIT IPUanalysis/controllers/default.py: 0
[2014-08-17 01:05:40] EDIT IPUanalysis/controllers/default.py: 1
[2014-08-17 01:05:44] EDIT IPUanalysis/controllers/default.py: 0
[2014-08-17 01:06:08] EDIT IPUanalysis/controllers/default.py: 0
[2014-08-17 01:06:48] EDIT IPUanalysis/controllers/default.py: -1
[2014-08-17 01:07:10] EDIT IPUanalysis/controllers/default.py: 2
[2014-08-17 01:07:24] EDIT IPUanalysis/controllers/default.py: 0
[2014-08-17 01:07:38] EDIT IPUanalysis/controllers/default.py: 0
[2014-08-17 01:07:49] EDIT IPUanalysis/controllers/default.py: 0
[2014-08-17 01:07:57] EDIT IPUanalysis/controllers/default.py: 0
[2014-08-17 01:08:05] EDIT IPUanalysis/controllers/default.py: 0
[2014-08-17 01:09:01] EDIT IPUanalysis/views/default/index.html: 0
[2014-08-17 01:09:16] EDIT IPUanalysis/controllers/default.py: 0
[2014-08-17 01:09:26] EDIT IPUanalysis/controllers/default.py: 0
[2014-08-17 01:09:38] EDIT IPUanalysis/views/default/index.html: 0
[2014-08-17 01:09:45] EDIT IPUanalysis/controllers/default.py: 0
[2014-08-17 01:10:00] EDIT IPUanalysis/controllers/default.py: 0
[2014-08-17 01:10:23] EDIT IPUanalysis/controllers/default.py: 0
[2014-08-17 01:10:48] EDIT IPUanalysis/controllers/default.py: 0
[2014-08-17 01:10:59] EDIT IPUanalysis/controllers/default.py: 0
[2014-08-17 01:11:18] EDIT IPUanalysis/controllers/default.py: 0
[2014-08-17 01:11:30] EDIT IPUanalysis/views/default/index.html: 0
[2014-08-17 01:11:39] EDIT IPUanalysis/controllers/default.py: 0
[2014-08-17 01:11:47] EDIT IPUanalysis/controllers/default.py: 0
[2014-08-17 01:12:22] EDIT IPUanalysis/controllers/default.py: 1
[2014-08-17 01:12:37] EDIT IPUanalysis/controllers/default.py: 0
[2014-08-17 01:12:58] EDIT IPUanalysis/controllers/default.py: 0
[2014-08-17 01:13:10] EDIT IPUanalysis/controllers/default.py: 0
[2014-08-17 01:13:24] EDIT IPUanalysis/controllers/default.py: 0
[2014-08-17 01:13:48] EDIT IPUanalysis/controllers/default.py: 0
[2014-08-17 01:14:18] EDIT IPUanalysis/controllers/default.py: 0
[2014-08-17 01:14:36] EDIT IPUanalysis/controllers/default.py: 0
[2014-08-17 01:14:57] EDIT IPUanalysis/controllers/default.py: 0
[2014-08-17 01:15:12] EDIT IPUanalysis/controllers/default.py: 0
[2014-08-17 01:15:26] EDIT IPUanalysis/controllers/default.py: 0
[2014-08-17 01:15:47] EDIT IPUanalysis/controllers/default.py: 0
[2014-08-17 01:16:09] EDIT IPUanalysis/controllers/default.py: 0
[2014-08-17 01:16:39] EDIT IPUanalysis/controllers/default.py: 0
[2014-08-17 01:16:57] EDIT IPUanalysis/controllers/default.py: 0
[2014-08-17 01:17:32] EDIT IPUanalysis/controllers/default.py: 0
[2014-08-17 01:17:32] EDIT IPUanalysis/controllers/default.py: 0
[2014-08-17 01:17:46] EDIT IPUanalysis/controllers/default.py: 0
[2014-08-17 02:12:19] EDIT IPUanalysis/controllers/default.py: 0
[2014-08-17 02:13:38] EDIT IPUanalysis/views/default/index.html: 3
[2014-08-17 02:17:00] EDIT IPUanalysis/views/default/index.html: -3
[2014-08-17 02:25:48] EDIT IPUanalysis/views/default/index.html: 0
[2014-08-17 02:26:05] EDIT IPUanalysis/views/default/index.html: 0
[2014-08-17 02:26:11] EDIT IPUanalysis/controllers/default.py: 0
[2014-08-17 02:27:08] EDIT IPUanalysis/views/default/index.html: 9
[2014-08-17 02:27:35] EDIT IPUanalysis/views/default/index.html: 2
[2014-08-17 02:28:30] EDIT IPUanalysis/views/default/index.html: 0
[2014-08-17 02:29:43] EDIT IPUanalysis/views/default/index.html: 0
[2014-08-17 02:30:19] EDIT IPUanalysis/views/default/index.html: 0
[2014-08-17 02:30:56] EDIT IPUanalysis/views/default/index.html: 0
[2014-08-17 02:30:56] EDIT IPUanalysis/views/default/index.html: 0
[2014-08-17 02:31:35] EDIT IPUanalysis/views/default/index.html: -1
[2014-08-17 02:31:49] EDIT IPUanalysis/views/default/index.html: 1
[2014-08-17 02:31:53] EDIT IPUanalysis/views/default/index.html: -6
[2014-08-17 02:32:47] EDIT IPUanalysis/controllers/default.py: 0
[2014-08-17 02:32:56] EDIT IPUanalysis/views/default/index.html: 6
[2014-08-17 02:32:58] EDIT IPUanalysis/controllers/default.py: 0
[2014-08-17 02:32:59] EDIT IPUanalysis/controllers/default.py: 0
[2014-08-17 02:34:00] EDIT IPUanalysis/views/default/index.html: 0
[2014-08-17 02:34:01] EDIT IPUanalysis/views/default/index.html: 0
[2014-08-17 02:34:48] EDIT IPUanalysis/views/default/index.html: 0
[2014-08-17 02:34:49] EDIT IPUanalysis/views/default/index.html: 0
[2014-08-17 02:35:11] EDIT IPUanalysis/views/default/index.html: 0
[2014-08-17 02:36:03] EDIT IPUanalysis/views/default/index.html: 1
[2014-08-17 02:36:14] EDIT IPUanalysis/views/default/index.html: 1
[2014-08-17 02:36:23] EDIT IPUanalysis/views/default/index.html: 0
[2014-08-17 02:36:48] EDIT IPUanalysis/views/default/index.html: 2
[2014-08-17 02:38:13] EDIT IPUanalysis/views/default/index.html: -2
[2014-08-17 02:38:24] EDIT IPUanalysis/views/default/index.html: 0
[2014-08-17 02:39:07] EDIT IPUanalysis/views/default/index.html: 0
[2014-08-17 02:39:21] EDIT IPUanalysis/views/default/index.html: 0
[2014-08-17 02:40:02] EDIT IPUanalysis/views/default/index.html: 0
[2014-08-17 02:41:05] EDIT IPUanalysis/controllers/default.py: 0
[2014-08-17 02:41:16] EDIT IPUanalysis/controllers/default.py: 0
[2014-08-17 02:41:46] CREATE default/avgCollgPercentage.html: 0
[2014-08-17 02:41:55] EDIT IPUanalysis/views/default/avgCollgPercentage.html: 13
[2014-08-17 02:43:17] EDIT IPUanalysis/controllers/default.py: 0
[2014-08-17 02:46:12] EDIT IPUanalysis/controllers/default.py: 1
[2014-08-17 02:46:21] EDIT IPUanalysis/controllers/default.py: 0
[2014-08-17 02:46:54] EDIT IPUanalysis/views/default/avgCollgPercentage.html: -13
[2014-08-17 02:47:04] EDIT IPUanalysis/controllers/default.py: 0
[2014-08-17 02:47:40] EDIT IPUanalysis/controllers/default.py: 0
[2014-08-17 02:48:17] EDIT IPUanalysis/controllers/default.py: 0
[2014-08-17 02:48:38] EDIT IPUanalysis/controllers/default.py: 0
[2014-08-17 02:49:08] EDIT IPUanalysis/views/default/avgCollgPercentage.html: 14
[2014-08-17 02:49:21] EDIT IPUanalysis/views/default/avgCollgPercentage.html: 1
[2014-08-17 02:49:38] EDIT IPUanalysis/controllers/default.py: 0
[2014-08-17 02:49:55] EDIT IPUanalysis/views/default/avgCollgPercentage.html: 0
[2014-08-17 02:50:06] EDIT IPUanalysis/views/default/avgCollgPercentage.html: 0
[2014-08-17 02:52:40] EDIT IPUanalysis/controllers/default.py: 1
[2014-08-17 02:53:01] EDIT IPUanalysis/controllers/default.py: 0
[2014-08-17 02:53:05] EDIT IPUanalysis/controllers/default.py: 0
[2014-08-17 02:53:15] EDIT IPUanalysis/views/default/avgCollgPercentage.html: -15
[2014-08-17 02:53:55] EDIT IPUanalysis/views/default/avgCollgPercentage.html: 16
[2014-08-17 02:54:09] EDIT IPUanalysis/views/default/avgCollgPercentage.html: 1
[2014-08-17 02:54:17] EDIT IPUanalysis/controllers/default.py: 0
[2014-08-17 02:59:03] EDIT IPUanalysis/views/default/avgCollgPercentage.html: 0
[2014-08-17 02:59:07] EDIT IPUanalysis/controllers/default.py: 0
[2014-08-17 11:22:50] EDIT IPUanalysis/controllers/default.py: 0
[2014-08-17 11:23:27] EDIT IPUanalysis/views/default/index.html: -13
[2014-08-17 12:14:08] EDIT IPUanalysis/views/default/avgCollgPercentage.html: 0
[2014-08-17 12:16:28] EDIT IPUanalysis/views/default/index.html: 0
[2014-08-18 17:47:23] EDIT IPUanalysis/views/default/index.html: 0
[2014-08-18 17:47:53] EDIT IPUanalysis/views/default/index.html: 0
[2014-08-18 17:48:05] EDIT IPUanalysis/views/default/index.html: 0
[2014-08-18 17:51:14] EDIT IPUanalysis/views/default/index.html: 2
[2014-08-18 17:52:21] EDIT IPUanalysis/views/default/index.html: -2
[2014-08-18 17:52:29] EDIT IPUanalysis/views/default/index.html: 2
[2014-08-18 17:53:09] EDIT IPUanalysis/views/default/avgCollgPercentage.html: 3
[2014-08-18 17:53:09] EDIT IPUanalysis/views/default/avgCollgPercentage.html: 0
[2014-08-18 17:53:58] EDIT IPUanalysis/views/default/index.html: 0
[2014-08-18 17:54:04] EDIT IPUanalysis/views/default/index.html: 0
[2014-08-18 17:54:53] EDIT IPUanalysis/views/default/index.html: -2
[2014-08-18 17:55:44] EDIT IPUanalysis/views/default/index.html: 15
[2014-08-18 18:11:24] EDIT IPUanalysis/views/plugin_layouts/layouts/Chasmogamous.html: 0
[2014-08-18 18:36:07] EDIT IPUanalysis/static/css/bootstrap.min.css: -2
[2014-08-18 18:39:32] EDIT IPUanalysis/views/default/index.html: 0
[2014-08-18 18:39:50] EDIT IPUanalysis/views/default/index.html: -1
[2014-08-18 18:46:17] EDIT IPUanalysis/views/default/index.html: -15
[2014-08-18 18:46:37] EDIT IPUanalysis/views/default/avgCollgPercentage.html: 0
[2014-08-18 18:46:45] EDIT IPUanalysis/views/default/avgCollgPercentage.html: -3
[2014-08-18 18:52:01] EDIT IPUanalysis/views/default/avgCollgPercentage.html: 0
[2014-08-18 18:56:48] EDIT IPUanalysis/views/default/avgCollgPercentage.html: 0
[2014-08-18 20:33:58] EDIT IPUanalysis/views/default/avgCollgPercentage.html: 0
[2014-08-18 20:35:09] EDIT IPUanalysis/views/plugin_layouts/layouts/KeepitSimple.html: -128
[2014-08-18 20:46:39] EDIT IPUanalysis/views/plugin_layouts/layouts/KeepitSimple.html: 0
[2014-08-18 20:47:23] EDIT IPUanalysis/views/plugin_layouts/layouts/KeepitSimple.html: 0
[2014-08-18 20:48:55] EDIT IPUanalysis/views/plugin_layouts/layouts/KeepitSimple.html: 0
[2014-08-18 20:48:56] EDIT IPUanalysis/views/plugin_layouts/layouts/KeepitSimple.html: 0
[2014-08-18 20:49:39] EDIT IPUanalysis/views/plugin_layouts/layouts/KeepitSimple.html: 0
[2014-08-18 20:49:56] EDIT IPUanalysis/views/plugin_layouts/layouts/KeepitSimple.html: 0
[2014-08-18 20:49:56] EDIT IPUanalysis/views/plugin_layouts/layouts/KeepitSimple.html: 0
[2014-08-18 20:51:52] EDIT IPUanalysis/views/plugin_layouts/layouts/KeepitSimple.html: 0
[2014-08-18 20:52:13] EDIT IPUanalysis/views/plugin_layouts/layouts/KeepitSimple.html: 0
[2014-08-18 20:53:25] EDIT IPUanalysis/views/plugin_layouts/layouts/KeepitSimple.html: 0
[2014-08-18 20:53:48] EDIT IPUanalysis/views/plugin_layouts/layouts/KeepitSimple.html: 0
[2014-08-18 20:54:08] EDIT IPUanalysis/views/plugin_layouts/layouts/KeepitSimple.html: 1
[2014-08-18 23:43:53] EDIT IPUanalysis/views/default/college.html: 0
[2014-08-19 00:44:59] EDIT IPUanalysis/views/default/college.html: 0
[2014-08-19 00:47:12] EDIT IPUanalysis/views/default/college.html: -46
[2014-08-19 22:54:39] CREATE default/collegeSummary.html: 0
[2014-08-19 22:55:07] EDIT IPUanalysis/views/default/collegeSummary.html: 55
[2014-08-19 22:55:17] EDIT IPUanalysis/views/default/collegeSummary.html: -10
[2014-08-19 22:55:29] EDIT IPUanalysis/views/default/collegeSummary.html: -2
[2014-08-19 22:55:41] EDIT IPUanalysis/views/default/college.html: -49
[2014-08-20 14:21:36] EDIT IPUanalysis/static/css/styles.css: 0
[2014-08-20 14:21:36] EDIT IPUanalysis/static/css/styles.css: 0
[2014-08-20 14:21:36] EDIT IPUanalysis/static/css/styles.css: 0
[2014-08-20 14:22:55] EDIT IPUanalysis/static/css/styles.css: 0
[2014-08-20 14:23:47] EDIT IPUanalysis/static/css/styles.css: 0
[2014-08-20 14:24:21] EDIT IPUanalysis/static/css/styles.css: 0
[2014-08-20 14:24:22] EDIT IPUanalysis/static/css/styles.css: 0
[2014-08-20 14:26:39] EDIT IPUanalysis/static/css/styles.css: 0
[2014-08-20 14:26:47] EDIT IPUanalysis/static/css/styles.css: 0
[2014-08-20 14:28:00] EDIT IPUanalysis/static/css/styles.css: 0
[2014-08-20 14:28:00] EDIT IPUanalysis/static/css/styles.css: 0
[2014-08-20 14:29:39] EDIT IPUanalysis/static/css/styles.css: 0
[2014-08-20 14:29:40] EDIT IPUanalysis/static/css/styles.css: 0
[2014-08-20 14:30:13] EDIT IPUanalysis/static/css/styles.css: 0
[2014-08-20 14:30:14] EDIT IPUanalysis/static/css/styles.css: 0
[2014-08-20 14:30:42] EDIT IPUanalysis/static/css/styles.css: 0
[2014-08-20 14:30:43] EDIT IPUanalysis/static/css/styles.css: 0
[2014-08-20 14:30:43] EDIT IPUanalysis/static/css/styles.css: 0
[2014-08-20 14:42:02] EDIT IPUanalysis/static/css/styles.css: 0
[2014-08-20 14:42:03] EDIT IPUanalysis/static/css/styles.css: 0
[2014-08-22 21:42:20] EDIT IPUanalysis/modules/plotimage.py: 0
[2014-08-22 21:42:22] EDIT IPUanalysis/modules/plotimage.py: 0
[2014-08-22 21:50:25] EDIT IPUanalysis/controllers/default.py: -1
[2014-08-22 21:50:26] EDIT IPUanalysis/controllers/default.py: 0
[2014-08-22 21:50:26] EDIT IPUanalysis/controllers/default.py: 0
[2014-08-22 21:55:19] EDIT IPUanalysis/controllers/default.py: 0
[2014-08-22 21:55:19] EDIT IPUanalysis/controllers/default.py: 0
[2014-08-22 21:55:19] EDIT IPUanalysis/controllers/default.py: 0
[2014-08-22 21:55:19] EDIT IPUanalysis/controllers/default.py: 0
[2014-08-22 21:56:32] EDIT IPUanalysis/models/plugin_matplotlib.py: -39
[2014-08-22 21:56:32] EDIT IPUanalysis/models/plugin_matplotlib.py: 0
[2014-08-22 21:56:44] EDIT IPUanalysis/controllers/default.py: 0
[2014-08-22 21:56:45] EDIT IPUanalysis/controllers/default.py: 0
[2014-08-22 21:57:49] EDIT IPUanalysis/models/plugin_matplotlib.py: 3
[2014-08-22 22:01:03] EDIT IPUanalysis/controllers/default.py: 0
[2014-08-22 22:01:55] EDIT IPUanalysis/models/plugin_matplotlib.py: 0
[2014-08-22 22:02:21] EDIT IPUanalysis/controllers/default.py: 0
[2014-08-22 22:02:22] EDIT IPUanalysis/controllers/default.py: 0
[2014-08-22 22:03:50] EDIT IPUanalysis/controllers/default.py: 0
[2014-08-22 22:04:06] EDIT IPUanalysis/controllers/default.py: 0
[2014-08-22 22:11:56] EDIT IPUanalysis/controllers/default.py: 0
[2014-08-22 22:12:54] EDIT IPUanalysis/controllers/default.py: 0
[2014-08-22 22:12:55] EDIT IPUanalysis/controllers/default.py: 0
[2014-08-22 22:14:05] EDIT IPUanalysis/controllers/default.py: 0
[2014-08-22 22:15:28] EDIT IPUanalysis/controllers/default.py: 1
[2014-08-22 22:15:29] EDIT IPUanalysis/controllers/default.py: 0
[2014-08-22 22:15:44] EDIT IPUanalysis/controllers/default.py: -1
[2014-08-22 22:15:51] EDIT IPUanalysis/controllers/default.py: -9
[2014-08-22 22:18:32] EDIT IPUanalysis/controllers/default.py: 9
[2014-08-22 22:18:40] EDIT IPUanalysis/controllers/default.py: 0
[2014-08-22 22:18:52] EDIT IPUanalysis/controllers/default.py: 0
[2014-08-23 03:14:09] EDIT IPUanalysis/views/default/plot.html: 0
[2014-08-23 03:15:09] EDIT IPUanalysis/views/default/plot.html: 0
[2014-08-23 11:08:38] EDIT IPUanalysis/views/default/index.html: 0
[2014-08-23 11:10:19] EDIT IPUanalysis/static/css/styles.css: 0
[2014-08-23 11:10:19] EDIT IPUanalysis/static/css/styles.css: 0
[2014-08-23 11:10:19] EDIT IPUanalysis/static/css/styles.css: 0
[2014-08-23 11:10:20] EDIT IPUanalysis/static/css/styles.css: 0
[2014-08-23 11:10:42] EDIT IPUanalysis/static/css/styles.css: 0
[2014-08-23 11:10:42] EDIT IPUanalysis/static/css/styles.css: 0
[2014-08-23 11:10:55] EDIT IPUanalysis/static/css/styles.css: 0
